{"contracts/StandardERC20.sol":{"l":{"92":3,"93":3,"94":3,"95":3,"96":3,"100":1,"104":1,"108":1,"112":1,"116":7,"120":1,"121":1,"125":1,"126":1,"130":1,"134":1,"135":1,"136":1,"140":2,"141":2,"143":2,"145":2,"146":2,"147":2,"151":2,"152":2,"154":2,"155":2,"156":2},"path":"/Users/dhruvin/gbc/bcdv-1010/ERC20/contracts/StandardERC20.sol","s":{"1":3,"2":3,"3":3,"4":3,"5":3,"6":1,"7":1,"8":1,"9":1,"10":7,"11":1,"12":1,"13":1,"14":1,"15":1,"16":1,"17":1,"18":1,"19":2,"20":2,"21":2,"22":2,"23":2,"24":2,"25":2,"26":2,"27":2,"28":2,"29":2},"b":{"1":[2,0],"2":[2,0],"3":[2,0],"4":[2,0],"5":[2,0],"6":[2,0]},"f":{"1":3,"2":1,"3":1,"4":1,"5":1,"6":7,"7":1,"8":1,"9":1,"10":1,"11":2,"12":2},"fnMap":{"1":{"name":"constructor","line":91,"loc":{"start":{"line":91,"column":4},"end":{"line":97,"column":4}}},"2":{"name":"name","line":99,"loc":{"start":{"line":99,"column":4},"end":{"line":101,"column":4}}},"3":{"name":"symbol","line":103,"loc":{"start":{"line":103,"column":4},"end":{"line":105,"column":4}}},"4":{"name":"decimals","line":107,"loc":{"start":{"line":107,"column":4},"end":{"line":109,"column":4}}},"5":{"name":"totalSupply","line":111,"loc":{"start":{"line":111,"column":4},"end":{"line":113,"column":4}}},"6":{"name":"balanceOf","line":115,"loc":{"start":{"line":115,"column":4},"end":{"line":117,"column":4}}},"7":{"name":"transfer","line":119,"loc":{"start":{"line":119,"column":4},"end":{"line":122,"column":4}}},"8":{"name":"approve","line":124,"loc":{"start":{"line":124,"column":4},"end":{"line":127,"column":4}}},"9":{"name":"allowance","line":129,"loc":{"start":{"line":129,"column":4},"end":{"line":131,"column":4}}},"10":{"name":"transferFrom","line":133,"loc":{"start":{"line":133,"column":4},"end":{"line":137,"column":4}}},"11":{"name":"_transfer","line":139,"loc":{"start":{"line":139,"column":4},"end":{"line":148,"column":4}}},"12":{"name":"_approve","line":150,"loc":{"start":{"line":150,"column":4},"end":{"line":157,"column":4}}}},"statementMap":{"1":{"start":{"line":92,"column":8},"end":{"line":92,"column":19}},"2":{"start":{"line":93,"column":8},"end":{"line":93,"column":23}},"3":{"start":{"line":94,"column":8},"end":{"line":94,"column":27}},"4":{"start":{"line":95,"column":8},"end":{"line":95,"column":33}},"5":{"start":{"line":96,"column":8},"end":{"line":96,"column":42}},"6":{"start":{"line":100,"column":8},"end":{"line":100,"column":20}},"7":{"start":{"line":104,"column":8},"end":{"line":104,"column":22}},"8":{"start":{"line":108,"column":8},"end":{"line":108,"column":24}},"9":{"start":{"line":112,"column":8},"end":{"line":112,"column":27}},"10":{"start":{"line":116,"column":8},"end":{"line":116,"column":33}},"11":{"start":{"line":120,"column":8},"end":{"line":120,"column":47}},"12":{"start":{"line":121,"column":8},"end":{"line":121,"column":19}},"13":{"start":{"line":125,"column":8},"end":{"line":125,"column":44}},"14":{"start":{"line":126,"column":8},"end":{"line":126,"column":19}},"15":{"start":{"line":130,"column":8},"end":{"line":130,"column":42}},"16":{"start":{"line":134,"column":8},"end":{"line":134,"column":43}},"17":{"start":{"line":135,"column":8},"end":{"line":135,"column":77}},"18":{"start":{"line":136,"column":8},"end":{"line":136,"column":19}},"19":{"start":{"line":140,"column":8},"end":{"line":140,"column":76}},"20":{"start":{"line":141,"column":8},"end":{"line":141,"column":73}},"21":{"start":{"line":143,"column":8},"end":{"line":143,"column":88}},"22":{"start":{"line":145,"column":8},"end":{"line":145,"column":53}},"23":{"start":{"line":146,"column":8},"end":{"line":146,"column":59}},"24":{"start":{"line":147,"column":8},"end":{"line":147,"column":48}},"25":{"start":{"line":151,"column":6},"end":{"line":151,"column":72}},"26":{"start":{"line":152,"column":6},"end":{"line":152,"column":70}},"27":{"start":{"line":154,"column":6},"end":{"line":154,"column":84}},"28":{"start":{"line":155,"column":6},"end":{"line":155,"column":41}},"29":{"start":{"line":156,"column":6},"end":{"line":156,"column":43}}},"branchMap":{"1":{"line":140,"type":"if","locations":[{"start":{"line":140,"column":8},"end":{"line":140,"column":8}},{"start":{"line":140,"column":8},"end":{"line":140,"column":8}}]},"2":{"line":141,"type":"if","locations":[{"start":{"line":141,"column":8},"end":{"line":141,"column":8}},{"start":{"line":141,"column":8},"end":{"line":141,"column":8}}]},"3":{"line":143,"type":"if","locations":[{"start":{"line":143,"column":8},"end":{"line":143,"column":8}},{"start":{"line":143,"column":8},"end":{"line":143,"column":8}}]},"4":{"line":151,"type":"if","locations":[{"start":{"line":151,"column":6},"end":{"line":151,"column":6}},{"start":{"line":151,"column":6},"end":{"line":151,"column":6}}]},"5":{"line":152,"type":"if","locations":[{"start":{"line":152,"column":6},"end":{"line":152,"column":6}},{"start":{"line":152,"column":6},"end":{"line":152,"column":6}}]},"6":{"line":154,"type":"if","locations":[{"start":{"line":154,"column":6},"end":{"line":154,"column":6}},{"start":{"line":154,"column":6},"end":{"line":154,"column":6}}]}}}}