{
"contracts/YorkToken.sol":{"l":{"19":3,"20":3,"24":1,"26":1,"27":1,"28":1,"29":1,"44":0,"45":0,"46":0,"54":0,"55":0,"57":0,"58":0,"59":0,"60":0,"61":0},"path":"/Users/dhruvin/yorku/tokenDapp/contracts/YorkToken.sol","s":{"1":3,"2":3,"3":1,"4":1,"5":1,"6":1,"7":1,"8":0,"9":0,"10":0,"11":0,"12":0,"13":0,"14":0,"15":0,"16":0,"17":0},"b":{"1":[1,0],"2":[0,0],"3":[0,0]},"f":{"1":3,"2":1,"3":0,"4":0},"fnMap":{"1":{"name":"constructor","line":17,"loc":{"start":{"line":17,"column":4},"end":{"line":21,"column":4}}},"2":{"name":"transfer","line":23,"loc":{"start":{"line":23,"column":4},"end":{"line":30,"column":4}}},"3":{"name":"approve","line":40,"loc":{"start":{"line":40,"column":4},"end":{"line":47,"column":4}}},"4":{"name":"transferFrom","line":49,"loc":{"start":{"line":49,"column":4},"end":{"line":62,"column":4}}}},"statementMap":{"1":{"start":{"line":19,"column":8},"end":{"line":19,"column":42}},"2":{"start":{"line":20,"column":8},"end":{"line":20,"column":58}},"3":{"start":{"line":24,"column":8},"end":{"line":24,"column":68}},"4":{"start":{"line":26,"column":8},"end":{"line":26,"column":37}},"5":{"start":{"line":27,"column":8},"end":{"line":27,"column":29}},"6":{"start":{"line":28,"column":8},"end":{"line":28,"column":44}},"7":{"start":{"line":29,"column":8},"end":{"line":29,"column":19}},"8":{"start":{"line":44,"column":8},"end":{"line":44,"column":45}},"9":{"start":{"line":45,"column":8},"end":{"line":45,"column":43}},"10":{"start":{"line":46,"column":8},"end":{"line":46,"column":19}},"11":{"start":{"line":54,"column":8},"end":{"line":54,"column":62}},"12":{"start":{"line":55,"column":8},"end":{"line":55,"column":78}},"13":{"start":{"line":57,"column":8},"end":{"line":57,"column":31}},"14":{"start":{"line":58,"column":8},"end":{"line":58,"column":29}},"15":{"start":{"line":59,"column":8},"end":{"line":59,"column":43}},"16":{"start":{"line":60,"column":8},"end":{"line":60,"column":32}},"17":{"start":{"line":61,"column":8},"end":{"line":61,"column":19}}},"branchMap":{"1":{"line":24,"type":"if","locations":[{"start":{"line":24,"column":8},"end":{"line":24,"column":8}},{"start":{"line":24,"column":8},"end":{"line":24,"column":8}}]},"2":{"line":54,"type":"if","locations":[{"start":{"line":54,"column":8},"end":{"line":54,"column":8}},{"start":{"line":54,"column":8},"end":{"line":54,"column":8}}]},"3":{"line":55,"type":"if","locations":[{"start":{"line":55,"column":8},"end":{"line":55,"column":8}},{"start":{"line":55,"column":8},"end":{"line":55,"column":8}}]}}}}
