TN:
SF:/Users/dhruvinparikh/gbc_tut/ERC20/contracts/StandardERC20.sol
FN:91,constructor
FN:99,name
FN:103,symbol
FN:107,decimals
FN:111,totalSupply
FN:115,balanceOf
FN:119,transfer
FN:124,approve
FN:129,allowance
FN:133,transferFrom
FN:139,_transfer
FN:150,_approve
FNF:12
FNH:11
FNDA:3,constructor
FNDA:1,name
FNDA:1,symbol
FNDA:0,decimals
FNDA:1,totalSupply
FNDA:7,balanceOf
FNDA:1,transfer
FNDA:1,approve
FNDA:1,allowance
FNDA:1,transferFrom
FNDA:2,_transfer
FNDA:2,_approve
DA:92,3
DA:93,3
DA:94,3
DA:95,3
DA:96,3
DA:100,1
DA:104,1
DA:108,0
DA:112,1
DA:116,7
DA:120,1
DA:121,1
DA:125,1
DA:126,1
DA:130,1
DA:134,1
DA:135,1
DA:136,1
DA:140,2
DA:141,2
DA:143,2
DA:145,2
DA:146,2
DA:147,2
DA:151,2
DA:152,2
DA:154,2
DA:155,2
DA:156,2
LF:29
LH:28
BRDA:140,1,0,2
BRDA:140,1,1,0
BRDA:141,2,0,2
BRDA:141,2,1,0
BRDA:143,3,0,2
BRDA:143,3,1,0
BRDA:151,4,0,2
BRDA:151,4,1,0
BRDA:152,5,0,2
BRDA:152,5,1,0
BRDA:154,6,0,2
BRDA:154,6,1,0
BRF:12
BRH:6
end_of_record
