{
"contracts/Faucet.sol":{"l":{"13":3,"14":1,"15":1,"19":1},"path":"/Users/dhruvinparikh/gbc_tut/sc-essentials/Smart-Contract-Essentials/notes/truffle/demo/faucet/contracts/Faucet.sol","s":{"1":3,"2":1,"3":1,"4":1},"b":{"1":[1,2]},"f":{"1":3,"2":1},"fnMap":{"1":{"name":"withdraw","line":11,"loc":{"start":{"line":11,"column":4},"end":{"line":11,"column":48}}},"2":{"name":"","line":18,"loc":{"start":{"line":18,"column":4},"end":{"line":18,"column":30}}}},"statementMap":{"1":{"start":{"line":13,"column":8},"end":{"line":13,"column":111}},"2":{"start":{"line":14,"column":8},"end":{"line":14,"column":43}},"3":{"start":{"line":15,"column":8},"end":{"line":15,"column":52}},"4":{"start":{"line":19,"column":8},"end":{"line":19,"column":43}}},"branchMap":{"1":{"line":13,"type":"if","locations":[{"start":{"line":13,"column":8},"end":{"line":13,"column":8}},{"start":{"line":13,"column":8},"end":{"line":13,"column":8}}]}}}}
